<?xml version="1.0" encoding="UTF-8"?>
<!-- Generated by org.testng.reporters.JUnitXMLReporter -->
<testsuite ignored="0" hostname="LTIN552755" failures="0" tests="3" name="Test" time="90.62" errors="0" timestamp="2024-11-07T10:32:16 IST">
  <testcase classname="ExtentReportTest.ExtentAllTestCases" name="upComingHondaBikes" time="44.192"/>
  <testcase classname="ExtentReportTest.ExtentAllTestCases" name="usedCars" time="11.435"/>
  <testcase classname="ExtentReportTest.ExtentAllTestCases" name="signUp" time="18.724"/>
</testsuite> <!-- Test -->
