<?xml version="1.0" encoding="UTF-8"?>
<testsuite xmlns:xsi="http://www.w3.org/2001/XMLSchema-instance" xsi:noNamespaceSchemaLocation="https://maven.apache.org/surefire/maven-surefire-plugin/xsd/surefire-test-report-3.0.xsd" version="3.0" name="TestSuite" time="91.17" tests="3" errors="0" skipped="0" failures="0">
  <properties>
[...]
</properties>
  <testcase name="upComingHondaBikes" classname="ExtentReportTest.ExtentAllTestCases" time="44.194">
    <system-out><![CDATA[chrome
Upcoming Honda Bikes Below 4 Lakhs are as follows:
Honda CB350 Cruiser  2.30 Lakh  Expected Launch : Dec 2024
Honda Activa Electric  1.00 Lakh  Expected Launch : Mar 2025
Honda Activa 7G  0.79 Lakh  Expected Launch : Mar 2025
Honda Forza 350  3.70 Lakh  Expected Launch : Unrevealed
Honda CBR150R  1.70 Lakh  Expected Launch : Unrevealed
Honda Rebel 300  2.30 Lakh  Expected Launch : Unrevealed
Honda PCX160  1.20 Lakh  Expected Launch : Unrevealed
Honda CRF300L  3.30 Lakh  Expected Launch : Unrevealed
]]></system-out>
    <system-err><![CDATA[ERROR StatusLogger Log4j2 could not find a logging implementation. Please add log4j-core to the classpath. Using SimpleLogger to log to the console...
log4j:WARN No appenders could be found for logger (freemarker.cache).
log4j:WARN Please initialize the log4j system properly.
log4j:WARN See http://logging.apache.org/log4j/1.2/faq.html#noconfig for more info.
]]></system-err>
  </testcase>
  <testcase name="usedCars" classname="ExtentReportTest.ExtentAllTestCases" time="11.435">
    <system-out><![CDATA[Following is the list of Popular models:
Maruti 800
Maruti Swift Dzire
Maruti Swift
Hyundai I10
Hyundai Santro Xing
Honda City
Toyota Innova
Toyota Fortuner
Mahindra XUV500
]]></system-out>
  </testcase>
  <testcase name="signUp" classname="ExtentReportTest.ExtentAllTestCases" time="18.725">
    <system-out><![CDATA[Error message displayed:Couldn’t find your Google Account
]]></system-out>
  </testcase>
</testsuite>