<?xml version="1.0" encoding="UTF-8"?>
<testng-results ignored="0" total="3" passed="3" failed="0" skipped="0">
  <reporter-output>
  </reporter-output>
  <suite started-at="2024-11-07T10:30:46 IST" name="Suite" finished-at="2024-11-07T10:32:16 IST" duration-ms="90620">
    <groups>
    </groups>
    <test started-at="2024-11-07T10:30:46 IST" name="Test" finished-at="2024-11-07T10:32:16 IST" duration-ms="90620">
      <class name="ExtentReportTest.ExtentAllTestCases">
        <test-method is-config="true" signature="setup()[pri:0, instance:ExtentReportTest.ExtentAllTestCases@47987356]" started-at="2024-11-07T10:30:46 IST" name="setup" finished-at="2024-11-07T10:30:57 IST" duration-ms="11070" status="PASS">
          <reporter-output>
          </reporter-output>
        </test-method> <!-- setup -->
        <test-method signature="upComingHondaBikes()[pri:0, instance:ExtentReportTest.ExtentAllTestCases@47987356]" started-at="2024-11-07T10:30:57 IST" name="upComingHondaBikes" finished-at="2024-11-07T10:31:41 IST" duration-ms="44192" status="PASS">
          <reporter-output>
          </reporter-output>
        </test-method> <!-- upComingHondaBikes -->
        <test-method signature="usedCars()[pri:1, instance:ExtentReportTest.ExtentAllTestCases@47987356]" started-at="2024-11-07T10:31:41 IST" name="usedCars" finished-at="2024-11-07T10:31:52 IST" duration-ms="11435" status="PASS">
          <reporter-output>
          </reporter-output>
        </test-method> <!-- usedCars -->
        <test-method signature="signUp()[pri:2, instance:ExtentReportTest.ExtentAllTestCases@47987356]" started-at="2024-11-07T10:31:52 IST" name="signUp" finished-at="2024-11-07T10:32:11 IST" duration-ms="18724" status="PASS">
          <reporter-output>
          </reporter-output>
        </test-method> <!-- signUp -->
        <test-method is-config="true" signature="closeDriver()[pri:0, instance:ExtentReportTest.ExtentAllTestCases@47987356]" started-at="2024-11-07T10:32:11 IST" name="closeDriver" finished-at="2024-11-07T10:32:16 IST" duration-ms="5172" status="PASS">
          <reporter-output>
          </reporter-output>
        </test-method> <!-- closeDriver -->
      </class> <!-- ExtentReportTest.ExtentAllTestCases -->
    </test> <!-- Test -->
  </suite> <!-- Suite -->
</testng-results>
