<?xml version="1.0" encoding="UTF-8"?>
<!-- Generated by org.testng.reporters.JUnitXMLReporter -->
<testsuite ignored="0" hostname="LTIN552755" failures="0" tests="3" name="Default test" time="29.642" errors="0" timestamp="2024-11-02T23:04:58 IST">
  <testcase classname="BuildVerificationTest.SmokeTest" name="upComingBikes" time="3.277"/>
  <testcase classname="BuildVerificationTest.SmokeTest" name="testUsedCarsSearch" time="9.451"/>
  <testcase classname="BuildVerificationTest.SmokeTest" name="signInTests" time="3.42"/>
</testsuite> <!-- Default test -->
