<?xml version="1.0" encoding="UTF-8"?>
<!-- Generated by org.testng.reporters.JUnitXMLReporter -->
<testsuite ignored="0" hostname="LTIN552755" failures="0" tests="3" name="Test" time="72.554" errors="0" timestamp="2024-11-06T14:33:58 IST">
  <testcase classname="ExtentReportTest.ExtentAllTestCases" name="upComingHondaBikes" time="26.357"/>
  <testcase classname="ExtentReportTest.ExtentAllTestCases" name="usedCars" time="15.168"/>
  <testcase classname="ExtentReportTest.ExtentAllTestCases" name="signUp" time="19.257"/>
</testsuite> <!-- Test -->
